Twitter/app/build/intermediates/manifest_merge_blame_file/debug/manifest-merger-blame-debug-report.txt
1<?xml version="1.0" encoding="utf-8"?>
2<manifest xmlns:android="http://schemas.android.com/apk/res/android"
3    package="com.codepath.apps.restclienttemplate"
4    android:versionCode="1"
5    android:versionName="1.0" >
6
7    <uses-sdk
8        android:minSdkVersion="24"
8-->src/main/AndroidManifest.xml
9        android:targetSdkVersion="32" />
9-->src/main/AndroidManifest.xml
10
11    <uses-permission android:name="android.permission.INTERNET" />
11-->src/main/AndroidManifest.xml:7:5-67
11-->src/main/AndroidManifest.xml:7:22-64
12    <uses-permission android:name="android.permission.WRITE_EXTERNAL_STORAGE" />
12-->src/main/AndroidManifest.xml:8:5-81
12-->src/main/AndroidManifest.xml:8:22-78
13
14    <application
14-->src/main/AndroidManifest.xml:10:5-40:19
15        android:name="com.codepath.apps.twitterclientsisiamempk.TwitterApp"
15-->src/main/AndroidManifest.xml:11:9-35
16        android:allowBackup="true"
16-->src/main/AndroidManifest.xml:12:9-35
17        android:appComponentFactory="androidx.core.app.CoreComponentFactory"
17-->[androidx.core:core:1.5.0] AndroidManifest.xml:24:18-86
18        android:debuggable="true"
19        android:extractNativeLibs="false"
20        android:icon="@drawable/ic_launcher"
20-->src/main/AndroidManifest.xml:13:9-45
21        android:label="@string/app_name"
21-->src/main/AndroidManifest.xml:15:9-41
22        android:networkSecurityConfig="@xml/network_security_config"
22-->src/main/AndroidManifest.xml:14:9-69
23        android:testOnly="true"
24        android:theme="@style/AppTheme" >
24-->src/main/AndroidManifest.xml:16:9-40
25        <activity
25-->src/main/AndroidManifest.xml:17:9-19:40
26            android:name="com.codepath.apps.twitterclientsisiamempk.TimelineActivity"
26-->src/main/AndroidManifest.xml:18:13-45
27            android:exported="false" />
27-->src/main/AndroidManifest.xml:19:13-37
28        <activity
28-->src/main/AndroidManifest.xml:20:9-39:20
29            android:name="com.codepath.apps.twitterclientsisiamempk.LoginActivity"
29-->src/main/AndroidManifest.xml:21:13-42
30            android:exported="true"
30-->src/main/AndroidManifest.xml:23:13-36
31            android:theme="@style/AppTheme" >
31-->src/main/AndroidManifest.xml:22:13-44
32            <intent-filter>
32-->src/main/AndroidManifest.xml:24:13-28:29
33                <action android:name="android.intent.action.MAIN" />
33-->src/main/AndroidManifest.xml:25:17-69
33-->src/main/AndroidManifest.xml:25:25-66
34
35                <category android:name="android.intent.category.LAUNCHER" />
35-->src/main/AndroidManifest.xml:27:17-77
35-->src/main/AndroidManifest.xml:27:27-74
36            </intent-filter>
37            <intent-filter>
37-->src/main/AndroidManifest.xml:29:13-38:29
38                <action android:name="android.intent.action.VIEW" />
38-->src/main/AndroidManifest.xml:30:17-69
38-->src/main/AndroidManifest.xml:30:25-66
39
40                <category android:name="android.intent.category.DEFAULT" />
40-->src/main/AndroidManifest.xml:32:17-76
40-->src/main/AndroidManifest.xml:32:27-73
41                <category android:name="android.intent.category.BROWSABLE" />
41-->src/main/AndroidManifest.xml:33:17-78
41-->src/main/AndroidManifest.xml:33:27-75
42
43                <data
43-->src/main/AndroidManifest.xml:35:17-37:62
44                    android:host="@string/intent_host"
44-->src/main/AndroidManifest.xml:36:21-55
45                    android:scheme="@string/intent_scheme" />
45-->src/main/AndroidManifest.xml:37:21-59
46            </intent-filter>
47        </activity>
48
49        <service
49-->[androidx.room:room-runtime:2.3.0] AndroidManifest.xml:25:9-28:40
50            android:name="androidx.room.MultiInstanceInvalidationService"
50-->[androidx.room:room-runtime:2.3.0] AndroidManifest.xml:26:13-74
51            android:directBootAware="true"
51-->[androidx.room:room-runtime:2.3.0] AndroidManifest.xml:27:13-43
52            android:exported="false" />
52-->[androidx.room:room-runtime:2.3.0] AndroidManifest.xml:28:13-37
53    </application>
54
55</manifest>